<?xml version="1.0" encoding="UTF-8"?>
<robot generator="Robot 4.0 (Python 3.8.1 on win32)" generated="20210324 02:48:04.587" rpa="true" schemaversion="2">
<suite id="s1" name="Monitor" source="C:\Users\edalgom\Python\RobotFramework\Projeto01\Monitor.robot">
<test id="s1-t1" name="Monitor sites">
<kw name="Create List" library="BuiltIn">
<var>${report}</var>
<doc>Returns a list containing given items.</doc>
<msg timestamp="20210324 02:48:05.078" level="INFO">${report} = []</msg>
<status status="PASS" starttime="20210324 02:48:05.078" endtime="20210324 02:48:05.078"/>
</kw>
<kw name="Set Work Item Variable" library="RPA.Robocloud.Items">
<arg>site_report</arg>
<arg>${report}</arg>
<doc>Set a single variable value in the current work item.</doc>
<msg timestamp="20210324 02:48:05.080" level="FAIL">No active work item</msg>
<status status="FAIL" starttime="20210324 02:48:05.078" endtime="20210324 02:48:05.080"/>
</kw>
<kw name="Get Environment Variables" library="OperatingSystem">
<var>${envs}</var>
<doc>Returns currently available environment variables as a dictionary.</doc>
<status status="NOT RUN" starttime="20210324 02:48:05.081" endtime="20210324 02:48:05.081"/>
</kw>
<for flavor="IN ZIP">
<var>${key}</var>
<var>${value}</var>
<value>${envs.keys()}</value>
<value>${envs.values()}</value>
<iter>
<var name="${key}">${key}</var>
<var name="${value}">${value}</var>
<kw name="Split String" library="String">
<var>${MON}</var>
<arg>${key}</arg>
<arg>_</arg>
<arg>1</arg>
<doc>Splits the ``string`` using ``separator`` as a delimiter string.</doc>
<status status="NOT RUN" starttime="20210324 02:48:05.082" endtime="20210324 02:48:05.082"/>
</kw>
<kw name="Run Keyword If" library="BuiltIn">
<arg>'${MON}[0]'=='MON'</arg>
<arg>Ping Server</arg>
<arg>${value}</arg>
<arg>${report}</arg>
<doc>Runs the given keyword with the given arguments, if ``condition`` is true.</doc>
<status status="NOT RUN" starttime="20210324 02:48:05.082" endtime="20210324 02:48:05.082"/>
</kw>
<status status="NOT RUN" starttime="20210324 02:48:05.082" endtime="20210324 02:48:05.082"/>
</iter>
<status status="NOT RUN" starttime="20210324 02:48:05.081" endtime="20210324 02:48:05.082"/>
</for>
<kw name="Save Work Item" library="RPA.Robocloud.Items">
<doc>Save the current data in the work item. If not saved,
all changes are discarded when the library goes out of scope.</doc>
<status status="NOT RUN" starttime="20210324 02:48:05.082" endtime="20210324 02:48:05.083"/>
</kw>
<status status="FAIL" starttime="20210324 02:48:05.077" endtime="20210324 02:48:05.083">No active work item</status>
</test>
<status status="FAIL" starttime="20210324 02:48:04.591" endtime="20210324 02:48:05.084"/>
</suite>
<statistics>
<total>
<stat pass="0" fail="1" skip="0">All Tasks</stat>
</total>
<tag>
</tag>
<suite>
<stat pass="0" fail="1" skip="0" id="s1" name="Monitor">Monitor</stat>
</suite>
</statistics>
<errors>
<msg timestamp="20210324 02:48:04.591" level="ERROR">Error in file 'C:\Users\edalgom\Python\RobotFramework\Projeto01\Monitor.robot' on line 9: Setting variable 'MON_ROBOCORP=https://robocorp.com' failed: Invalid variable name 'MON_ROBOCORP=https://robocorp.com'.</msg>
<msg timestamp="20210324 02:48:04.592" level="ERROR">Error in file 'C:\Users\edalgom\Python\RobotFramework\Projeto01\Monitor.robot' on line 10: Setting variable 'MON_PYTHON=https://python.org' failed: Invalid variable name 'MON_PYTHON=https://python.org'.</msg>
<msg timestamp="20210324 02:48:05.076" level="WARN">Failed to load item: 'Missing required environment variable: RC_WORKSPACE_ID'</msg>
</errors>
</robot>
