<?xml version="1.0" encoding="UTF-8"?>
<robot generator="Robot 4.0 (Python 3.8.1 on win32)" generated="20210324 02:06:46.002" rpa="false" schemaversion="2">
<suite id="s1" name="ADM TIM TC ECM BSCS" source="C:\Users\edalgom\Python\RobotFramework\Projeto01\ADM_TIM_TC_ECM_BSCS.robot">
<test id="s1-t1" name="TestCase # 0001: Executa Test e escreve no console.">
<kw name="Primeiro Teste">
<kw name="Log To Console" library="BuiltIn">
<arg>First Keyword executed!</arg>
<doc>Logs the given message to the console.</doc>
<status status="PASS" starttime="20210324 02:06:46.951" endtime="20210324 02:06:46.951"/>
</kw>
<status status="PASS" starttime="20210324 02:06:46.951" endtime="20210324 02:06:46.951"/>
</kw>
<status status="PASS" starttime="20210324 02:06:46.950" endtime="20210324 02:06:46.952"/>
</test>
<test id="s1-t2" name="TestCase # 0002: Arquivo deve Existir.">
<kw name="Arquivo Existe">
<arg>C:\\Users\\edalgom\\Python\\RobotFramework\\Projeto01\\Myresource.robot</arg>
<kw name="File Should Exist" library="OperatingSystem">
<arg>${file}</arg>
<doc>Fails unless the given ``path`` points to an existing file.</doc>
<msg timestamp="20210324 02:06:46.955" level="INFO" html="true">File '&lt;a href="file://C:\Users\edalgom\Python\RobotFramework\Projeto01\Myresource.robot"&gt;C:\Users\edalgom\Python\RobotFramework\Projeto01\Myresource.robot&lt;/a&gt;' exists.</msg>
<status status="PASS" starttime="20210324 02:06:46.955" endtime="20210324 02:06:46.955"/>
</kw>
<status status="PASS" starttime="20210324 02:06:46.954" endtime="20210324 02:06:46.955"/>
</kw>
<status status="PASS" starttime="20210324 02:06:46.954" endtime="20210324 02:06:46.956"/>
</test>
<test id="s1-t3" name="TesteCase # 0003: Arquivo nao pode ser vazio">
<kw name="Arquivo Não pode ser Vazio">
<kw name="File Should Not Be Empty" library="OperatingSystem">
<arg>${file2}</arg>
<doc>Fails if the specified directory is empty.</doc>
<msg timestamp="20210324 02:06:46.959" level="INFO" html="true">File '&lt;a href="file://C:\Users\edalgom\Python\RobotFramework\Projeto01\Myresource.robot"&gt;C:\Users\edalgom\Python\RobotFramework\Projeto01\Myresource.robot&lt;/a&gt;' contains 850 bytes.</msg>
<status status="PASS" starttime="20210324 02:06:46.958" endtime="20210324 02:06:46.959"/>
</kw>
<status status="PASS" starttime="20210324 02:06:46.958" endtime="20210324 02:06:46.959"/>
</kw>
<status status="PASS" starttime="20210324 02:06:46.957" endtime="20210324 02:06:46.960"/>
</test>
<test id="s1-t4" name="TestCase # 0004: Compara Diferenca em arquivos">
<kw name="Compara Arquivos">
<kw name="Diff Files" library="DiffLibrary">
<arg>${file1}</arg>
<arg>${file2}</arg>
<doc>Diff two text files</doc>
<msg timestamp="20210324 02:06:46.963" level="INFO">file1: C:\Users\edalgom\Python\RobotFramework\Projeto01\Myresource.robot</msg>
<msg timestamp="20210324 02:06:46.963" level="INFO">file2: C:\Users\edalgom\Python\RobotFramework\Projeto01\Myresource.robot</msg>
<msg timestamp="20210324 02:06:46.963" level="INFO">C:\Users\edalgom\AppData\Roaming\Python\Python38\site-packages\DiffLibrary\bin\diff\diff.exe --strip-trailing-cr  "C:\Users\edalgom\Python\RobotFramework\Projeto01\Myresource.robot" "C:\Users\edalgom\Python\RobotFramework\Projeto01\Myresource.robot"</msg>
<status status="PASS" starttime="20210324 02:06:46.962" endtime="20210324 02:06:47.140"/>
</kw>
<status status="PASS" starttime="20210324 02:06:46.962" endtime="20210324 02:06:47.140"/>
</kw>
<status status="PASS" starttime="20210324 02:06:46.961" endtime="20210324 02:06:47.141"/>
</test>
<test id="s1-t5" name="TestCase # 0005:">
<kw name="Arquivo Existe">
<arg>${PATH3}</arg>
<kw name="File Should Exist" library="OperatingSystem">
<arg>${file}</arg>
<doc>Fails unless the given ``path`` points to an existing file.</doc>
<msg timestamp="20210324 02:06:47.145" level="INFO" html="true">File '&lt;a href="file://C:\Users\edalgom\Python\RobotFramework\Projeto01\Myresource.robot"&gt;C:\Users\edalgom\Python\RobotFramework\Projeto01\Myresource.robot&lt;/a&gt;' exists.</msg>
<status status="PASS" starttime="20210324 02:06:47.144" endtime="20210324 02:06:47.146"/>
</kw>
<status status="PASS" starttime="20210324 02:06:47.143" endtime="20210324 02:06:47.146"/>
</kw>
<status status="PASS" starttime="20210324 02:06:47.142" endtime="20210324 02:06:47.147"/>
</test>
<status status="PASS" starttime="20210324 02:06:46.005" endtime="20210324 02:06:47.148"/>
</suite>
<statistics>
<total>
<stat pass="5" fail="0" skip="0">All Tests</stat>
</total>
<tag>
</tag>
<suite>
<stat pass="5" fail="0" skip="0" id="s1" name="ADM TIM TC ECM BSCS">ADM TIM TC ECM BSCS</stat>
</suite>
</statistics>
<errors>
</errors>
</robot>
